TN:
SF:src/index.ts
FN:36,validateLexemes
FN:39,(anonymous_1)
FN:67,buildDocs
FN:81,(anonymous_3)
FNF:4
FNH:4
FNDA:11,validateLexemes
FNDA:46,(anonymous_1)
FNDA:5,buildDocs
FNDA:8,(anonymous_3)
DA:37,11
DA:39,11
DA:41,46
DA:42,5
DA:46,46
DA:47,5
DA:51,46
DA:52,46
DA:53,5
DA:59,11
DA:60,7
DA:68,5
DA:71,5
DA:74,5
DA:75,5
DA:77,5
DA:78,5
DA:81,8
DA:82,5
DA:83,5
DA:84,5
DA:86,5
DA:87,8
DA:88,8
DA:89,8
DA:92,8
DA:95,8
DA:98,8
DA:101,8
DA:102,8
DA:105,8
DA:108,8
DA:109,8
DA:113,3
DA:116,3
DA:117,3
DA:120,3
DA:121,3
DA:123,3
LF:39
LH:39
BRDA:41,0,0,5
BRDA:41,0,1,41
BRDA:46,1,0,5
BRDA:46,1,1,41
BRDA:52,2,0,5
BRDA:52,2,1,41
BRDA:59,3,0,7
BRDA:59,3,1,4
BRF:8
BRH:8
end_of_record
TN:
SF:src/lexeme-extractor.ts
FN:17,extractLexemes
FN:58,processNode
FN:103,(anonymous_2)
FN:111,shouldSkipNode
FN:126,createLexemeRecord
FN:154,buildLink
FN:197,getContext
FN:216,getAllChildNodeTexts
FN:219,(anonymous_8)
FNF:9
FNH:9
FNDA:23,extractLexemes
FNDA:338,processNode
FNDA:316,(anonymous_2)
FNDA:338,shouldSkipNode
FNDA:77,createLexemeRecord
FNDA:77,buildLink
FNDA:77,getContext
FNDA:216,getAllChildNodeTexts
FNDA:220,(anonymous_8)
DA:7,3
DA:18,23
DA:19,23
DA:20,23
DA:21,23
DA:24,23
DA:26,23
DA:27,1
DA:31,22
DA:39,22
DA:41,22
DA:66,338
DA:67,1
DA:71,337
DA:72,130
DA:74,130
DA:76,20
DA:77,20
DA:78,20
DA:80,19
DA:81,19
DA:82,19
DA:84,6
DA:85,6
DA:86,6
DA:88,1
DA:89,1
DA:90,1
DA:92,1
DA:93,1
DA:97,130
DA:98,77
DA:103,337
DA:104,316
DA:112,338
DA:113,207
DA:117,131
DA:132,77
DA:133,77
DA:134,77
DA:135,77
DA:137,77
DA:155,77
DA:156,77
DA:159,77
DA:160,20
DA:164,57
DA:165,27
DA:166,27
DA:170,30
DA:171,1
DA:172,1
DA:174,29
DA:175,1
DA:176,1
DA:178,28
DA:179,5
DA:180,5
DA:182,23
DA:183,15
DA:184,15
DA:186,8
DA:187,6
DA:188,6
DA:191,2
DA:198,77
DA:200,77
DA:201,380
DA:202,1
DA:204,379
DA:205,1
DA:207,378
DA:210,75
DA:217,216
DA:219,216
DA:220,220
DA:221,218
DA:223,2
DA:227,216
LF:79
LH:79
BRDA:26,0,0,1
BRDA:26,0,1,22
BRDA:66,1,0,1
BRDA:66,1,1,337
BRDA:71,2,0,130
BRDA:71,2,1,207
BRDA:74,3,0,20
BRDA:74,3,1,19
BRDA:74,3,2,6
BRDA:74,3,3,1
BRDA:74,3,4,1
BRDA:97,4,0,77
BRDA:97,4,1,53
BRDA:112,5,0,207
BRDA:112,5,1,131
BRDA:118,6,0,131
BRDA:118,6,1,1
BRDA:118,6,2,0
BRDA:143,7,0,75
BRDA:143,7,1,2
BRDA:144,8,0,47
BRDA:144,8,1,30
BRDA:145,9,0,11
BRDA:145,9,1,66
BRDA:146,10,0,2
BRDA:146,10,1,75
BRDA:147,11,0,2
BRDA:147,11,1,75
BRDA:159,12,0,20
BRDA:159,12,1,57
BRDA:164,13,0,27
BRDA:164,13,1,30
BRDA:166,14,0,24
BRDA:166,14,1,3
BRDA:170,15,0,1
BRDA:170,15,1,29
BRDA:172,16,0,0
BRDA:172,16,1,1
BRDA:174,17,0,1
BRDA:174,17,1,28
BRDA:176,18,0,0
BRDA:176,18,1,1
BRDA:178,19,0,5
BRDA:178,19,1,23
BRDA:180,20,0,5
BRDA:180,20,1,0
BRDA:182,21,0,15
BRDA:182,21,1,8
BRDA:184,22,0,14
BRDA:184,22,1,1
BRDA:186,23,0,6
BRDA:186,23,1,2
BRDA:188,24,0,6
BRDA:188,24,1,0
BRDA:201,25,0,1
BRDA:201,25,1,379
BRDA:204,26,0,1
BRDA:204,26,1,378
BRDA:220,27,0,218
BRDA:220,27,1,2
BRDA:221,28,0,218
BRDA:221,28,1,0
BRF:62
BRH:56
end_of_record
TN:
SF:src/markdown-compiler.ts
FN:12,configureMarked
FN:32,compileMarkdownWithDocTitle
FN:39,resetMarked
FN:49,compileMarkdown
FN:67,compileAllMarkdown
FN:78,(anonymous_5)
FNF:6
FNH:6
FNDA:9,configureMarked
FNDA:8,compileMarkdownWithDocTitle
FNDA:2,resetMarked
FNDA:9,compileMarkdown
FNDA:2,compileAllMarkdown
FNDA:4,(anonymous_5)
DA:14,9
DA:23,9
DA:33,8
DA:40,2
DA:50,9
DA:53,9
DA:55,9
DA:73,2
DA:75,2
DA:78,4
DA:80,2
DA:81,1
DA:85,2
DA:86,3
DA:87,3
DA:89,3
DA:90,1
DA:93,3
DA:94,3
DA:97,3
DA:98,3
DA:100,3
DA:101,3
DA:104,2
DA:105,1
DA:108,2
LF:26
LH:26
BRDA:71,0,0,2
BRDA:80,1,0,1
BRDA:80,1,1,1
BRDA:89,2,0,1
BRDA:89,2,1,2
BRDA:104,3,0,1
BRDA:104,3,1,1
BRF:7
BRH:7
end_of_record
TN:
SF:src/meta-generator.ts
FN:15,extractDocTitle
FN:32,generateDocMeta
FN:43,generateMetaJson
FN:46,(anonymous_3)
FNF:4
FNH:4
FNDA:15,extractDocTitle
FNDA:12,generateDocMeta
FNDA:10,generateMetaJson
FNDA:11,(anonymous_3)
DA:16,15
DA:17,15
DA:20,15
DA:22,15
DA:23,3
DA:26,12
DA:33,12
DA:46,11
LF:8
LH:8
BRDA:22,0,0,3
BRDA:22,0,1,12
BRDA:26,1,0,12
BRDA:26,1,1,0
BRF:4
BRH:3
end_of_record
TN:
SF:src/ndjson-writer.ts
FN:15,(anonymous_0)
FN:25,(anonymous_1)
FN:36,(anonymous_2)
FN:37,(anonymous_3)
FN:43,(anonymous_4)
FN:48,(anonymous_5)
FN:49,(anonymous_6)
FN:59,writeLexemesToNdjson
FNF:8
FNH:8
FNDA:8,(anonymous_0)
FNDA:43,(anonymous_1)
FNDA:6,(anonymous_2)
FNDA:40,(anonymous_3)
FNDA:9,(anonymous_4)
FNDA:8,(anonymous_5)
FNDA:8,(anonymous_6)
FNDA:4,writeLexemesToNdjson
DA:10,10
DA:17,8
DA:19,8
DA:26,43
DA:27,1
DA:30,42
DA:37,40
DA:44,9
DA:45,1
DA:48,8
DA:49,8
DA:50,8
DA:63,4
DA:64,4
DA:65,4
DA:66,4
LF:16
LH:16
BRDA:26,0,0,1
BRDA:26,0,1,42
BRDA:44,1,0,1
BRDA:44,1,1,8
BRF:4
BRH:4
end_of_record
TN:
SF:src/types.ts
FN:4,(anonymous_0)
FNF:1
FNH:1
FNDA:4,(anonymous_0)
DA:4,4
DA:5,4
DA:6,4
DA:7,4
LF:4
LH:4
BRDA:4,0,0,4
BRDA:4,0,1,4
BRF:2
BRH:2
end_of_record
